{"logTime": "0510/185602", "correlationVector":"/NGkBjCWvYcVV6oQKHbaMm.0","action":"FeedSettingFetch_homeCloud", "result":"0", "context":{}}
{"logTime": "0510/185604", "correlationVector":"klSyH+8oLPfiABu6HDVboz.1","action":"SyncServerConnectionManagerRequest", "result":"SYNC_SERVER_OK", "context":{"environment":"48F630A6-CB1B-4CC7-86AF-0F6627234B58", "server":"AM3PEPF0000386F"}}
{"logTime": "0510/185623", "correlationVector":"klSyH+8oLPfiABu6HDVboz.2","action":"AAD.Mip.Unpack", "result":"Success", "context":MIP_CLOUD_COMMERCIAL:Success}
{"logTime": "0510/185623", "correlationVector":"klSyH+8oLPfiABu6HDVboz.3","action":"AAD.GetKeyResponse", "result":"Success", "context":Keys=3.LastKeyStatus=Normal. 2022-05-09 21:55:17 +03.State=None}
{"logTime": "0510/185625", "correlationVector":"klSyH+8oLPfiABu6HDVboz","action":"Initial GetUpdates", "result":""}
{"logTime": "0510/185626", "correlationVector":"klSyH+8oLPfiABu6HDVboz.4","action":"GetUpdates Response", "result":"SYNCER_OK"}
{"logTime": "0510/185627", "correlationVector":"wO5nV5B0wvHxfCb15JqT2W","action":"Initial GetUpdates", "result":""}
{"logTime": "0510/185628", "correlationVector":"wO5nV5B0wvHxfCb15JqT2W.1","action":"SyncServerConnectionManagerRequest", "result":"SYNC_SERVER_OK", "context":{"environment":"48F630A6-CB1B-4CC7-86AF-0F6627234B58", "server":"AM3PEPF00001EF4"}}
{"logTime": "0510/185629", "correlationVector":"wO5nV5B0wvHxfCb15JqT2W.2","action":"GetUpdates Response", "result":"SYNCER_OK"}
{"logTime": "0510/185629", "correlationVector":"QnBFoIKqG37uml02+x/wjb","action":"Initial GetUpdates", "result":""}
{"logTime": "0510/185630", "correlationVector":"QnBFoIKqG37uml02+x/wjb.1","action":"SyncServerConnectionManagerRequest", "result":"SYNC_SERVER_OK", "context":{"environment":"48F630A6-CB1B-4CC7-86AF-0F6627234B58", "server":"AM3PEPF00001EF4"}}
{"logTime": "0510/185633", "correlationVector":"QnBFoIKqG37uml02+x/wjb.2","action":"GetUpdates Response", "result":"SYNCER_OK"}
{"logTime": "0510/185640", "correlationVector":"Qk6O5sNTKNzxZaFqb1M09a","action":"Normal GetUpdate request", "result":""}
{"logTime": "0510/185642", "correlationVector":"Qk6O5sNTKNzxZaFqb1M09a.1","action":"SyncServerConnectionManagerRequest", "result":"SYNC_SERVER_OK", "context":{"environment":"48F630A6-CB1B-4CC7-86AF-0F6627234B58", "server":"AM3PEPF00001EF4"}}
{"logTime": "0510/185648", "correlationVector":"Qk6O5sNTKNzxZaFqb1M09a.2","action":"GetUpdates Response", "result":"SYNCER_OK"}
{"logTime": "0510/185648", "correlationVector":"H6bpfdYWmC4slA36ySpUjB","action":"Commit Request", "result":""}
{"logTime": "0510/185648", "correlationVector":"H6bpfdYWmC4slA36ySpUjB.1","action":"SyncServerConnectionManagerRequest", "result":"SYNC_SERVER_OK", "context":{"environment":"48F630A6-CB1B-4CC7-86AF-0F6627234B58", "server":"AM3PEPF00001EF4"}}
{"logTime": "0510/185649", "correlationVector":"H6bpfdYWmC4slA36ySpUjB.2","action":"Commit Response", "result":"SYNCER_OK"}
{"logTime": "0510/185649", "correlationVector":"myuMmHH7q7TNacsdyF2gWc","action":"Commit Request", "result":""}
{"logTime": "0510/185649", "correlationVector":"myuMmHH7q7TNacsdyF2gWc.1","action":"SyncServerConnectionManagerRequest", "result":"SYNC_SERVER_OK", "context":{"environment":"48F630A6-CB1B-4CC7-86AF-0F6627234B58", "server":"AM3PEPF00001EF4"}}
{"logTime": "0510/185650", "correlationVector":"myuMmHH7q7TNacsdyF2gWc.2","action":"Commit Response", "result":"SYNCER_OK"}
